<html>
<head>
<title>TestNG:  Default test</title>
<link href="../testng.css" rel="stylesheet" type="text/css" />
<link href="../my-testng.css" rel="stylesheet" type="text/css" />

<style type="text/css">
.log { display: none;} 
.stack-trace { display: none;} 
</style>
<script type="text/javascript">
<!--
function flip(e) {
  current = e.style.display;
  if (current == 'block') {
    e.style.display = 'none';
    return 0;
  }
  else {
    e.style.display = 'block';
    return 1;
  }
}

function toggleBox(szDivId, elem, msg1, msg2)
{
  var res = -1;  if (document.getElementById) {
    res = flip(document.getElementById(szDivId));
  }
  else if (document.all) {
    // this is the way old msie versions work
    res = flip(document.all[szDivId]);
  }
  if(elem) {
    if(res == 0) elem.innerHTML = msg1; else elem.innerHTML = msg2;
  }

}

function toggleAllBoxes() {
  if (document.getElementsByTagName) {
    d = document.getElementsByTagName('div');
    for (i = 0; i < d.length; i++) {
      if (d[i].className == 'log') {
        flip(d[i]);
      }
    }
  }
}

// -->
</script>

</head>
<body>
<h2 align='center'>Default test</h2><table border='1' align="center">
<tr>
<td>Tests passed/Failed/Skipped:</td><td>0/1/0</td>
</tr><tr>
<td>Started on:</td><td>Wed Apr 04 12:04:39 IST 2018</td>
</tr>
<tr><td>Total time:</td><td>20 seconds (20846 ms)</td>
</tr><tr>
<td>Included groups:</td><td></td>
</tr><tr>
<td>Excluded groups:</td><td></td>
</tr>
</table><p/>
<small><i>(Hover the method name to see the test class name)</i></small><p/>
<table width='100%' border='1' class='invocation-failed'>
<tr><td colspan='4' align='center'><b>FAILED TESTS</b></td></tr>
<tr><td><b>Test method</b></td>
<td width="30%"><b>Exception</b></td>
<td width="10%"><b>Time (seconds)</b></td>
<td><b>Instance</b></td>
</tr>
<tr>
<td title='nbcu.compass.amorttemplate.test.AmortSikuliTest.testAmortTemplate()'><b>testAmortTemplate</b><br>Test class: nbcu.compass.amorttemplate.test.AmortSikuliTest<br>Test method: Validating amort template<br>Parameters: 355.0_Acquired Series - 2 Yr_Series_Acquired Series<br/>
<a href="#Output-12674019" onClick='toggleBox("Output-12674019", this, "Show output", "Hide output");'>Show output</a>

<a href="#Output-12674019" onClick="toggleAllBoxes();">Show all outputs</a>
<div class='log' id="Output-12674019">
<div class="test-message">&emsp;Validating amort template for Universo: 355.0_Acquired Series - 2 Yr_Series_Acquired Series</div><br/>
<div class="test-message">&emsp;Start generateAmort: generating amort for 4000.0</div><br/>
<div class="test-message">&emsp;Start readAmortAmtRows: read amort amounts</div><br/>
<div class="test-message">&emsp;readAmortAmtRows: read amort amounts</div><br/>
<div class="test-message">&emsp;End generateAmort: generating amort for 4000.0</div><br/>
<!--FAIL--><br/>
<div class="test-result"><br><font color="red"><strong> <style type="text/css">
.tg  {border-collapse:collapse;border-spacing:0;border-color:#999;}
.tg td{font-family:Arial, sans-serif;font-size:14px;padding:10px 5px;border-style:solid;border-width:1px;overflow:hidden;word-break:normal;border-color:#999;color:#444;background-color:#F7FDFA;}
.tg th{font-family:Arial, sans-serif;font-size:14px;font-weight:normal;padding:10px 5px;border-style:solid;border-width:1px;overflow:hidden;word-break:normal;border-color:#999;color:#fff;background-color:#26ADE4;}
.tg .tg-3fs7{font-size:11px;font-family:Tahoma, Geneva, sans-serif !important;;vertical-align:top}
.tg .tg-yw4l{vertical-align:top}
</style><table class="tg"><tr><td class="tg-yw4l">Month</td><td class="tg-yw4l">Application</td><td class="tg-yw4l">Amort Calulation</td></tr><tr><td class="tg-yw4l">1</td><td class="tg-yw4l">lnvE</td><td class="tg-yw4l">$2,000</td></tr><tr><td class="tg-yw4l">2</td><td class="tg-yw4l">$1333.33</td><td class="tg-yw4l">$2,000</td></tr></table> </strong></font> <a href=".\ScreenShot\testAmortTemplate_1.png" target="_blank" >[ScreenShot]</a></div>&emsp;<br/>
</div>
</td>
<td><div><pre>java.lang.AssertionError: &lt;style type=&quot;text/css&quot;&gt;
.tg  {border-collapse:collapse;border-spacing:0;border-color:#999;}
.tg td{font-family:Arial, sans-serif;font-size:14px;padding:10px 5px;border-style:solid;border-width:1px;overflow:hidden;word-break:normal;border-color:#999;color:#444;background-color:#F7FDFA;}
.tg th{font-family:Arial, sans-serif;font-size:14px;font-weight:normal;padding:10px 5px;border-style:solid;border-width:1px;overflow:hidden;word-break:normal;border-color:#999;color:#fff;background-color:#26ADE4;}
.tg .tg-3fs7{font-size:11px;font-family:Tahoma, Geneva, sans-serif !important;;vertical-align:top}
.tg .tg-yw4l{vertical-align:top}
&lt;/style&gt;&lt;table class=&quot;tg&quot;&gt;&lt;tr&gt;&lt;td class=&quot;tg-yw4l&quot;&gt;Month&lt;/td&gt;&lt;td class=&quot;tg-yw4l&quot;&gt;Application&lt;/td&gt;&lt;td class=&quot;tg-yw4l&quot;&gt;Amort Calulation&lt;/td&gt;&lt;/tr&gt;&lt;tr&gt;&lt;td class=&quot;tg-yw4l&quot;&gt;1&lt;/td&gt;&lt;td class=&quot;tg-yw4l&quot;&gt;lnvE&lt;/td&gt;&lt;td class=&quot;tg-yw4l&quot;&gt;$2,000&lt;/td&gt;&lt;/tr&gt;&lt;tr&gt;&lt;td class=&quot;tg-yw4l&quot;&gt;2&lt;/td&gt;&lt;td class=&quot;tg-yw4l&quot;&gt;$1333.33&lt;/td&gt;&lt;td class=&quot;tg-yw4l&quot;&gt;$2,000&lt;/td&gt;&lt;/tr&gt;&lt;/table&gt;
	at org.testng.Assert.fail(Assert.java:93)
	at nbcu.compass.amorttemplate.util.Log.fail(Log.java:431)
	at nbcu.compass.amorttemplate.test.AmortSikuliTest.testAmortTemplate(AmortSikuliTest.java:112)
	at sun.reflect.NativeMethodAccessorImpl.invoke0(Native Method)
	at sun.reflect.NativeMethodAccessorImpl.invoke(NativeMethodAccessorImpl.java:62)
	at sun.reflect.DelegatingMethodAccessorImpl.invoke(DelegatingMethodAccessorImpl.java:43)
	at java.lang.reflect.Method.invoke(Method.java:498)
	at org.testng.internal.MethodInvocationHelper.invokeMethod(MethodInvocationHelper.java:108)
	at org.testng.internal.Invoker.invokeMethod(Invoker.java:661)
	at org.testng.internal.Invoker.invokeTestMethod(Invoker.java:869)
	at org.testng.internal.Invoker.invokeTestMethods(Invoker.java:1193)
	at org.testng.internal.TestMethodWorker.invokeTestMethods(TestMethodWorker.java:126)
	at org.testng.internal.TestMethodWorker.run(TestMethodWorker.java:109)
	at org.testng.TestRunner.privateRun(TestRunner.java:744)
	at org.testng.TestRunner.run(TestRunner.java:602)
	at org.testng.SuiteRunner.runTest(SuiteRunner.java:380)
	at org.testng.SuiteRunner.runSequentially(SuiteRunner.java:375)
	at org.testng.SuiteRunner.privateRun(SuiteRunner.java:340)
	at org.testng.SuiteRunner.run(SuiteRunner.java:289)
	at org.testng.SuiteRunnerWorker.runSuite(SuiteRunnerWorker.java:52)
	at org.testng.SuiteRunnerWorker.run(SuiteRunnerWorker.java:86)
	at org.testng.TestNG.runSuitesSequentially(TestNG.java:1301)
	at org.testng.TestNG.runSuitesLocally(TestNG.java:1226)
	at org.testng.TestNG.runSuites(TestNG.java:1144)
	at org.testng.TestNG.run(TestNG.java:1115)
	at org.testng.remote.AbstractRemoteTestNG.run(AbstractRemoteTestNG.java:114)
	at org.testng.remote.RemoteTestNG.initAndRun(RemoteTestNG.java:251)
	at org.testng.remote.RemoteTestNG.main(RemoteTestNG.java:77)
</pre></div><a href='#' onClick='toggleBox("stack-trace12674019", this, "Click to show all stack frames", "Click to hide stack frames")'>Click to show all stack frames</a>
<div class='stack-trace' id='stack-trace12674019'><pre>java.lang.AssertionError: &lt;style type=&quot;text/css&quot;&gt;
.tg  {border-collapse:collapse;border-spacing:0;border-color:#999;}
.tg td{font-family:Arial, sans-serif;font-size:14px;padding:10px 5px;border-style:solid;border-width:1px;overflow:hidden;word-break:normal;border-color:#999;color:#444;background-color:#F7FDFA;}
.tg th{font-family:Arial, sans-serif;font-size:14px;font-weight:normal;padding:10px 5px;border-style:solid;border-width:1px;overflow:hidden;word-break:normal;border-color:#999;color:#fff;background-color:#26ADE4;}
.tg .tg-3fs7{font-size:11px;font-family:Tahoma, Geneva, sans-serif !important;;vertical-align:top}
.tg .tg-yw4l{vertical-align:top}
&lt;/style&gt;&lt;table class=&quot;tg&quot;&gt;&lt;tr&gt;&lt;td class=&quot;tg-yw4l&quot;&gt;Month&lt;/td&gt;&lt;td class=&quot;tg-yw4l&quot;&gt;Application&lt;/td&gt;&lt;td class=&quot;tg-yw4l&quot;&gt;Amort Calulation&lt;/td&gt;&lt;/tr&gt;&lt;tr&gt;&lt;td class=&quot;tg-yw4l&quot;&gt;1&lt;/td&gt;&lt;td class=&quot;tg-yw4l&quot;&gt;lnvE&lt;/td&gt;&lt;td class=&quot;tg-yw4l&quot;&gt;$2,000&lt;/td&gt;&lt;/tr&gt;&lt;tr&gt;&lt;td class=&quot;tg-yw4l&quot;&gt;2&lt;/td&gt;&lt;td class=&quot;tg-yw4l&quot;&gt;$1333.33&lt;/td&gt;&lt;td class=&quot;tg-yw4l&quot;&gt;$2,000&lt;/td&gt;&lt;/tr&gt;&lt;/table&gt;
	at org.testng.Assert.fail(Assert.java:93)
	at nbcu.compass.amorttemplate.util.Log.fail(Log.java:431)
	at nbcu.compass.amorttemplate.test.AmortSikuliTest.testAmortTemplate(AmortSikuliTest.java:112)
	at sun.reflect.NativeMethodAccessorImpl.invoke0(Native Method)
	at sun.reflect.NativeMethodAccessorImpl.invoke(NativeMethodAccessorImpl.java:62)
	at sun.reflect.DelegatingMethodAccessorImpl.invoke(DelegatingMethodAccessorImpl.java:43)
	at java.lang.reflect.Method.invoke(Method.java:498)
	at org.testng.internal.MethodInvocationHelper.invokeMethod(MethodInvocationHelper.java:108)
	at org.testng.internal.Invoker.invokeMethod(Invoker.java:661)
	at org.testng.internal.Invoker.invokeTestMethod(Invoker.java:869)
	at org.testng.internal.Invoker.invokeTestMethods(Invoker.java:1193)
	at org.testng.internal.TestMethodWorker.invokeTestMethods(TestMethodWorker.java:126)
	at org.testng.internal.TestMethodWorker.run(TestMethodWorker.java:109)
	at org.testng.TestRunner.privateRun(TestRunner.java:744)
	at org.testng.TestRunner.run(TestRunner.java:602)
	at org.testng.SuiteRunner.runTest(SuiteRunner.java:380)
	at org.testng.SuiteRunner.runSequentially(SuiteRunner.java:375)
	at org.testng.SuiteRunner.privateRun(SuiteRunner.java:340)
	at org.testng.SuiteRunner.run(SuiteRunner.java:289)
	at org.testng.SuiteRunnerWorker.runSuite(SuiteRunnerWorker.java:52)
	at org.testng.SuiteRunnerWorker.run(SuiteRunnerWorker.java:86)
	at org.testng.TestNG.runSuitesSequentially(TestNG.java:1301)
	at org.testng.TestNG.runSuitesLocally(TestNG.java:1226)
	at org.testng.TestNG.runSuites(TestNG.java:1144)
	at org.testng.TestNG.run(TestNG.java:1115)
	at org.testng.remote.AbstractRemoteTestNG.run(AbstractRemoteTestNG.java:114)
	at org.testng.remote.RemoteTestNG.initAndRun(RemoteTestNG.java:251)
	at org.testng.remote.RemoteTestNG.main(RemoteTestNG.java:77)
</pre></div></td>
<td>20</td>
<td>nbcu.compass.amorttemplate.test.AmortSikuliTest@397ed7</td></tr>
</table><p>
</body>
</html>