<?xml version="1.0" encoding="UTF-8"?>
<!-- Generated by org.testng.reporters.JUnitXMLReporter -->
<testsuite hostname="BSLGDC-L2045" ignored="0" name="Test" tests="1" failures="1" timestamp="29 Jan 2018 16:48:17 GMT" time="146.82" errors="0">
  <testcase name="testAmort" time="146.804" classname="nbcu.compass.amorttemplate.test.AmortTest">
    <failure type="org.openqa.selenium.NoSuchElementException" message="An element could not be located on the page using the given search parameters. (WARNING: The server did not provide any stacktrace information)
Command duration or timeout: 701 milliseconds
For documentation on this error, please visit: http://seleniumhq.org/exceptions/no_such_element.html
Build info: version: &amp;apos;3.7.1&amp;apos;, revision: &amp;apos;8a0099a&amp;apos;, time: &amp;apos;2017-11-06T21:01:39.354Z&amp;apos;
System info: host: &amp;apos;BSLGDC-L2045&amp;apos;, ip: &amp;apos;100.122.39.29&amp;apos;, os.name: &amp;apos;Windows 7&amp;apos;, os.arch: &amp;apos;x86&amp;apos;, os.version: &amp;apos;6.1&amp;apos;, java.version: &amp;apos;1.8.0_131&amp;apos;
Driver info: io.appium.java_client.windows.WindowsDriver
Capabilities [{platformName=Windows, appTopLevelWindow=4102b2, platform=ANY}]
Session ID: 7F8DC9F6-B0C1-486B-BCA4-2752D3543A8F
*** Element info: {Using=name, value=TEST 123}">
      <![CDATA[org.openqa.selenium.NoSuchElementException: An element could not be located on the page using the given search parameters. (WARNING: The server did not provide any stacktrace information)
Command duration or timeout: 701 milliseconds
For documentation on this error, please visit: http://seleniumhq.org/exceptions/no_such_element.html
Build info: version: '3.7.1', revision: '8a0099a', time: '2017-11-06T21:01:39.354Z'
System info: host: 'BSLGDC-L2045', ip: '100.122.39.29', os.name: 'Windows 7', os.arch: 'x86', os.version: '6.1', java.version: '1.8.0_131'
Driver info: io.appium.java_client.windows.WindowsDriver
Capabilities [{platformName=Windows, appTopLevelWindow=4102b2, platform=ANY}]
Session ID: 7F8DC9F6-B0C1-486B-BCA4-2752D3543A8F
*** Element info: {Using=name, value=TEST 123}
	at org.openqa.selenium.remote.ErrorHandler.createThrowable(ErrorHandler.java:216)
	at org.openqa.selenium.remote.ErrorHandler.throwIfResponseFailed(ErrorHandler.java:168)
	at org.openqa.selenium.remote.RemoteWebDriver.execute(RemoteWebDriver.java:638)
	at io.appium.java_client.DefaultGenericMobileDriver.execute(DefaultGenericMobileDriver.java:42)
	at io.appium.java_client.AppiumDriver.execute(AppiumDriver.java:1)
	at io.appium.java_client.windows.WindowsDriver.execute(WindowsDriver.java:1)
	at org.openqa.selenium.remote.RemoteWebDriver.findElement(RemoteWebDriver.java:371)
	at io.appium.java_client.DefaultGenericMobileDriver.findElement(DefaultGenericMobileDriver.java:62)
	at io.appium.java_client.AppiumDriver.findElement(AppiumDriver.java:1)
	at io.appium.java_client.windows.WindowsDriver.findElement(WindowsDriver.java:1)
	at org.openqa.selenium.remote.RemoteWebDriver.findElementByName(RemoteWebDriver.java:452)
	at io.appium.java_client.DefaultGenericMobileDriver.findElementByName(DefaultGenericMobileDriver.java:110)
	at io.appium.java_client.AppiumDriver.findElementByName(AppiumDriver.java:1)
	at io.appium.java_client.windows.WindowsDriver.findElementByName(WindowsDriver.java:1)
	at nbcu.compass.amorttemplate.util.AutomationAgent.openTitleAndWindow(AutomationAgent.java:170)
	at nbcu.compass.amorttemplate.test.AmortTest.testAmort(AmortTest.java:51)
	at nbcu.compass.amorttemplate.test.MainClass.main(MainClass.java:21)
... Removed 26 stack frames]]>
    </failure>
  </testcase> <!-- testAmort -->
</testsuite> <!-- Test -->
