<?xml version="1.0" encoding="UTF-8"?>
<testng-results skipped="0" failed="1" ignored="0" total="1" passed="0">
  <reporter-output>
    <line>
      <![CDATA[<div class="test-message">&emsp;Validating amort template for US networks: 2.0_Acquired Series_Episode_Acquired Series</div>]]>
    </line>
    <line>
      <![CDATA[<div class="test-message">&emsp;Start launchAppUsingNativeWindowHandle: Launching app using window handle</div>]]>
    </line>
    <line>
      <![CDATA[<div class="test-message">&emsp;Start killApp: taskkill /F /IM NBCU.Compass.exe</div>]]>
    </line>
    <line>
      <![CDATA[<div class="test-message">&emsp;End killApp: taskkill /F /IM NBCU.Compass.exe</div>]]>
    </line>
    <line>
      <![CDATA[<div class="test-message">&emsp;Start startExeApp: appPath: C:\Compass\RedGate\Compass_4.177.3.4_STGUAT5_Node_A_artifacts\Publish\app\setup.exe</div>]]>
    </line>
    <line>
      <![CDATA[<div class="test-message">&emsp;Start getElement: By: By.name: [PROJECTSTG] - COMPASS</div>]]>
    </line>
    <line>
      <![CDATA[<div class="test-message">&emsp;End getElement: By: By.name: [PROJECTSTG] - COMPASS</div>]]>
    </line>
    <line>
      <![CDATA[<div class="test-message">&emsp;End launchAppUsingNativeWindowHandle: Launching app using window handle</div>]]>
    </line>
    <line>
      <![CDATA[<div class="test-message">&emsp;Start addEpisode: titleName: Episode-1, titleType: Season1</div>]]>
    </line>
    <line>
      <![CDATA[<div class="test-message">&emsp;Start isElementFoundByName: Episodes</div>]]>
    </line>
    <line>
      <![CDATA[<div class="test-message">&emsp;End isElementFoundByName: Episodes</div>]]>
    </line>
    <line>
      <![CDATA[<!--FAIL-->]]>
    </line>
    <line>
      <![CDATA[<div class="test-result"><br><font color="red"><strong> An element could not be located on the page using the given search parameters. (WARNING: The server did not provide any stacktrace information)
Command duration or timeout: 1.77 seconds
For documentation on this error, please visit: http://seleniumhq.org/exceptions/no_such_element.html
Build info: version: '3.7.1', revision: '8a0099a', time: '2017-11-06T21:01:39.354Z'
System info: host: 'BSLGDC-L2045', ip: '100.122.39.68', os.name: 'Windows 7', os.arch: 'x86', os.version: '6.1', java.version: '1.8.0_131'
Driver info: io.appium.java_client.windows.WindowsDriver
Capabilities [{platformName=Windows, appTopLevelWindow=55085a, platform=ANY}]
Session ID: 1527A53E-043C-44F8-A1C5-CC3C6E3F0214
*** Element info: {Using=name, value=Add Episode} </strong></font> <a href=".\ScreenShot\testAmortTemplate_1.png" target="_blank" >[ScreenShot]</a></div>&emsp;]]>
    </line>
  </reporter-output>
  <suite name="Default suite" duration-ms="59599" started-at="2018-02-15T15:21:14Z" finished-at="2018-02-15T15:22:14Z">
    <groups>
    </groups>
    <test name="Default test" duration-ms="59599" started-at="2018-02-15T15:21:14Z" finished-at="2018-02-15T15:22:14Z">
      <class name="nbcu.compass.amorttemplate.test.AmortTest">
        <test-method status="PASS" signature="init()[pri:0, instance:nbcu.compass.amorttemplate.test.AmortTest@ac3a89]" name="init" is-config="true" duration-ms="5278" started-at="2018-02-15T20:51:09Z" finished-at="2018-02-15T20:51:14Z">
          <reporter-output>
          </reporter-output>
        </test-method> <!-- init -->
        <test-method status="FAIL" signature="testAmortTemplate(java.lang.String)[pri:1, instance:nbcu.compass.amorttemplate.test.AmortTest@ac3a89]" name="testAmortTemplate" duration-ms="57479" started-at="2018-02-15T20:51:16Z" description="Validating amort template for US networks" data-provider="amortDataProvider" finished-at="2018-02-15T20:52:14Z">
          <params>
            <param index="0">
              <value>
                <![CDATA[2.0_Acquired Series_Episode_Acquired Series]]>
              </value>
            </param>
          </params>
          <exception class="java.lang.AssertionError">
            <message>
              <![CDATA[An element could not be located on the page using the given search parameters. (WARNING: The server did not provide any stacktrace information)
Command duration or timeout: 1.77 seconds
For documentation on this error, please visit: http://seleniumhq.org/exceptions/no_such_element.html
Build info: version: '3.7.1', revision: '8a0099a', time: '2017-11-06T21:01:39.354Z'
System info: host: 'BSLGDC-L2045', ip: '100.122.39.68', os.name: 'Windows 7', os.arch: 'x86', os.version: '6.1', java.version: '1.8.0_131'
Driver info: io.appium.java_client.windows.WindowsDriver
Capabilities [{platformName=Windows, appTopLevelWindow=55085a, platform=ANY}]
Session ID: 1527A53E-043C-44F8-A1C5-CC3C6E3F0214
*** Element info: {Using=name, value=Add Episode}]]>
            </message>
            <full-stacktrace>
              <![CDATA[java.lang.AssertionError: An element could not be located on the page using the given search parameters. (WARNING: The server did not provide any stacktrace information)
Command duration or timeout: 1.77 seconds
For documentation on this error, please visit: http://seleniumhq.org/exceptions/no_such_element.html
Build info: version: '3.7.1', revision: '8a0099a', time: '2017-11-06T21:01:39.354Z'
System info: host: 'BSLGDC-L2045', ip: '100.122.39.68', os.name: 'Windows 7', os.arch: 'x86', os.version: '6.1', java.version: '1.8.0_131'
Driver info: io.appium.java_client.windows.WindowsDriver
Capabilities [{platformName=Windows, appTopLevelWindow=55085a, platform=ANY}]
Session ID: 1527A53E-043C-44F8-A1C5-CC3C6E3F0214
*** Element info: {Using=name, value=Add Episode}
	at org.testng.Assert.fail(Assert.java:93)
	at nbcu.compass.amorttemplate.util.Log.fail(Log.java:405)
	at nbcu.compass.amorttemplate.util.AutomationAgent.addEpisode(AutomationAgent.java:654)
	at nbcu.compass.amorttemplate.test.AmortTest.testAmortTemplate(AmortTest.java:71)
	at sun.reflect.NativeMethodAccessorImpl.invoke0(Native Method)
	at sun.reflect.NativeMethodAccessorImpl.invoke(NativeMethodAccessorImpl.java:62)
	at sun.reflect.DelegatingMethodAccessorImpl.invoke(DelegatingMethodAccessorImpl.java:43)
	at java.lang.reflect.Method.invoke(Method.java:498)
	at org.testng.internal.MethodInvocationHelper.invokeMethod(MethodInvocationHelper.java:108)
	at org.testng.internal.Invoker.invokeMethod(Invoker.java:661)
	at org.testng.internal.Invoker.invokeTestMethod(Invoker.java:869)
	at org.testng.internal.Invoker.invokeTestMethods(Invoker.java:1193)
	at org.testng.internal.TestMethodWorker.invokeTestMethods(TestMethodWorker.java:126)
	at org.testng.internal.TestMethodWorker.run(TestMethodWorker.java:109)
	at org.testng.TestRunner.privateRun(TestRunner.java:744)
	at org.testng.TestRunner.run(TestRunner.java:602)
	at org.testng.SuiteRunner.runTest(SuiteRunner.java:380)
	at org.testng.SuiteRunner.runSequentially(SuiteRunner.java:375)
	at org.testng.SuiteRunner.privateRun(SuiteRunner.java:340)
	at org.testng.SuiteRunner.run(SuiteRunner.java:289)
	at org.testng.SuiteRunnerWorker.runSuite(SuiteRunnerWorker.java:52)
	at org.testng.SuiteRunnerWorker.run(SuiteRunnerWorker.java:86)
	at org.testng.TestNG.runSuitesSequentially(TestNG.java:1301)
	at org.testng.TestNG.runSuitesLocally(TestNG.java:1226)
	at org.testng.TestNG.runSuites(TestNG.java:1144)
	at org.testng.TestNG.run(TestNG.java:1115)
	at org.testng.remote.AbstractRemoteTestNG.run(AbstractRemoteTestNG.java:114)
	at org.testng.remote.RemoteTestNG.initAndRun(RemoteTestNG.java:251)
	at org.testng.remote.RemoteTestNG.main(RemoteTestNG.java:77)
]]>
            </full-stacktrace>
          </exception> <!-- java.lang.AssertionError -->
          <reporter-output>
            <line>
              <![CDATA[<div class="test-message">&emsp;Validating amort template for US networks: 2.0_Acquired Series_Episode_Acquired Series</div>]]>
            </line>
            <line>
              <![CDATA[<div class="test-message">&emsp;Start launchAppUsingNativeWindowHandle: Launching app using window handle</div>]]>
            </line>
            <line>
              <![CDATA[<div class="test-message">&emsp;Start killApp: taskkill /F /IM NBCU.Compass.exe</div>]]>
            </line>
            <line>
              <![CDATA[<div class="test-message">&emsp;End killApp: taskkill /F /IM NBCU.Compass.exe</div>]]>
            </line>
            <line>
              <![CDATA[<div class="test-message">&emsp;Start startExeApp: appPath: C:\Compass\RedGate\Compass_4.177.3.4_STGUAT5_Node_A_artifacts\Publish\app\setup.exe</div>]]>
            </line>
            <line>
              <![CDATA[<div class="test-message">&emsp;Start getElement: By: By.name: [PROJECTSTG] - COMPASS</div>]]>
            </line>
            <line>
              <![CDATA[<div class="test-message">&emsp;End getElement: By: By.name: [PROJECTSTG] - COMPASS</div>]]>
            </line>
            <line>
              <![CDATA[<div class="test-message">&emsp;End launchAppUsingNativeWindowHandle: Launching app using window handle</div>]]>
            </line>
            <line>
              <![CDATA[<div class="test-message">&emsp;Start addEpisode: titleName: Episode-1, titleType: Season1</div>]]>
            </line>
            <line>
              <![CDATA[<div class="test-message">&emsp;Start isElementFoundByName: Episodes</div>]]>
            </line>
            <line>
              <![CDATA[<div class="test-message">&emsp;End isElementFoundByName: Episodes</div>]]>
            </line>
            <line>
              <![CDATA[<!--FAIL-->]]>
            </line>
            <line>
              <![CDATA[<div class="test-result"><br><font color="red"><strong> An element could not be located on the page using the given search parameters. (WARNING: The server did not provide any stacktrace information)
Command duration or timeout: 1.77 seconds
For documentation on this error, please visit: http://seleniumhq.org/exceptions/no_such_element.html
Build info: version: '3.7.1', revision: '8a0099a', time: '2017-11-06T21:01:39.354Z'
System info: host: 'BSLGDC-L2045', ip: '100.122.39.68', os.name: 'Windows 7', os.arch: 'x86', os.version: '6.1', java.version: '1.8.0_131'
Driver info: io.appium.java_client.windows.WindowsDriver
Capabilities [{platformName=Windows, appTopLevelWindow=55085a, platform=ANY}]
Session ID: 1527A53E-043C-44F8-A1C5-CC3C6E3F0214
*** Element info: {Using=name, value=Add Episode} </strong></font> <a href=".\ScreenShot\testAmortTemplate_1.png" target="_blank" >[ScreenShot]</a></div>&emsp;]]>
            </line>
          </reporter-output>
        </test-method> <!-- testAmortTemplate -->
      </class> <!-- nbcu.compass.amorttemplate.test.AmortTest -->
    </test> <!-- Default test -->
  </suite> <!-- Default suite -->
</testng-results>
