<?xml version="1.0" encoding="UTF-8"?>
<!-- Generated by org.testng.reporters.JUnitReportReporter -->
<testsuite skipped="0" hostname="BSLGDC-L2045" name="nbcu.compass.amorttemplate.test.AmortSikuliTest" tests="1" failures="1" timestamp="04 Apr 2018 06:35:00 GMT" time="20.642" errors="0">
  <testcase name="testAmortTemplate" time="20.642" classname="nbcu.compass.amorttemplate.test.AmortSikuliTest">
    <failure type="java.lang.AssertionError" message="&lt;style type=&quot;text/css&quot;&gt;
.tg  {border-collapse:collapse;border-spacing:0;border-color:#999;}
.tg td{font-family:Arial, sans-serif;font-size:14px;padding:10px 5px;border-style:solid;border-width:1px;overflow:hidden;word-break:normal;border-color:#999;color:#444;background-color:#F7FDFA;}
.tg th{font-family:Arial, sans-serif;font-size:14px;font-weight:normal;padding:10px 5px;border-style:solid;border-width:1px;overflow:hidden;word-break:normal;border-color:#999;color:#fff;background-color:#26ADE4;}
.tg .tg-3fs7{font-size:11px;font-family:Tahoma, Geneva, sans-serif !important;;vertical-align:top}
.tg .tg-yw4l{vertical-align:top}
&lt;/style&gt;&lt;table class=&quot;tg&quot;&gt;&lt;tr&gt;&lt;td class=&quot;tg-yw4l&quot;&gt;Month&lt;/td&gt;&lt;td class=&quot;tg-yw4l&quot;&gt;Application&lt;/td&gt;&lt;td class=&quot;tg-yw4l&quot;&gt;Amort Calulation&lt;/td&gt;&lt;/tr&gt;&lt;tr&gt;&lt;td class=&quot;tg-yw4l&quot;&gt;1&lt;/td&gt;&lt;td class=&quot;tg-yw4l&quot;&gt;lnvE&lt;/td&gt;&lt;td class=&quot;tg-yw4l&quot;&gt;$2,000&lt;/td&gt;&lt;/tr&gt;&lt;tr&gt;&lt;td class=&quot;tg-yw4l&quot;&gt;2&lt;/td&gt;&lt;td class=&quot;tg-yw4l&quot;&gt;$1333.33&lt;/td&gt;&lt;td class=&quot;tg-yw4l&quot;&gt;$2,000&lt;/td&gt;&lt;/tr&gt;&lt;/table&gt;">
      <![CDATA[java.lang.AssertionError: <style type="text/css">
.tg  {border-collapse:collapse;border-spacing:0;border-color:#999;}
.tg td{font-family:Arial, sans-serif;font-size:14px;padding:10px 5px;border-style:solid;border-width:1px;overflow:hidden;word-break:normal;border-color:#999;color:#444;background-color:#F7FDFA;}
.tg th{font-family:Arial, sans-serif;font-size:14px;font-weight:normal;padding:10px 5px;border-style:solid;border-width:1px;overflow:hidden;word-break:normal;border-color:#999;color:#fff;background-color:#26ADE4;}
.tg .tg-3fs7{font-size:11px;font-family:Tahoma, Geneva, sans-serif !important;;vertical-align:top}
.tg .tg-yw4l{vertical-align:top}
</style><table class="tg"><tr><td class="tg-yw4l">Month</td><td class="tg-yw4l">Application</td><td class="tg-yw4l">Amort Calulation</td></tr><tr><td class="tg-yw4l">1</td><td class="tg-yw4l">lnvE</td><td class="tg-yw4l">$2,000</td></tr><tr><td class="tg-yw4l">2</td><td class="tg-yw4l">$1333.33</td><td class="tg-yw4l">$2,000</td></tr></table>
	at org.testng.Assert.fail(Assert.java:93)
	at nbcu.compass.amorttemplate.util.Log.fail(Log.java:431)
	at nbcu.compass.amorttemplate.test.AmortSikuliTest.testAmortTemplate(AmortSikuliTest.java:112)
	at sun.reflect.NativeMethodAccessorImpl.invoke0(Native Method)
	at sun.reflect.NativeMethodAccessorImpl.invoke(NativeMethodAccessorImpl.java:62)
	at sun.reflect.DelegatingMethodAccessorImpl.invoke(DelegatingMethodAccessorImpl.java:43)
	at java.lang.reflect.Method.invoke(Method.java:498)
	at org.testng.internal.MethodInvocationHelper.invokeMethod(MethodInvocationHelper.java:108)
	at org.testng.internal.Invoker.invokeMethod(Invoker.java:661)
	at org.testng.internal.Invoker.invokeTestMethod(Invoker.java:869)
	at org.testng.internal.Invoker.invokeTestMethods(Invoker.java:1193)
	at org.testng.internal.TestMethodWorker.invokeTestMethods(TestMethodWorker.java:126)
	at org.testng.internal.TestMethodWorker.run(TestMethodWorker.java:109)
	at org.testng.TestRunner.privateRun(TestRunner.java:744)
	at org.testng.TestRunner.run(TestRunner.java:602)
	at org.testng.SuiteRunner.runTest(SuiteRunner.java:380)
	at org.testng.SuiteRunner.runSequentially(SuiteRunner.java:375)
	at org.testng.SuiteRunner.privateRun(SuiteRunner.java:340)
	at org.testng.SuiteRunner.run(SuiteRunner.java:289)
	at org.testng.SuiteRunnerWorker.runSuite(SuiteRunnerWorker.java:52)
	at org.testng.SuiteRunnerWorker.run(SuiteRunnerWorker.java:86)
	at org.testng.TestNG.runSuitesSequentially(TestNG.java:1301)
	at org.testng.TestNG.runSuitesLocally(TestNG.java:1226)
	at org.testng.TestNG.runSuites(TestNG.java:1144)
	at org.testng.TestNG.run(TestNG.java:1115)
	at org.testng.remote.AbstractRemoteTestNG.run(AbstractRemoteTestNG.java:114)
	at org.testng.remote.RemoteTestNG.initAndRun(RemoteTestNG.java:251)
	at org.testng.remote.RemoteTestNG.main(RemoteTestNG.java:77)
]]>
    </failure>
  </testcase> <!-- testAmortTemplate -->
</testsuite> <!-- nbcu.compass.amorttemplate.test.AmortSikuliTest -->
